/home/user/ros2_ws/src/install/grid_planners_demo/lib/python3.10/site-packages/grid_planners_demo/navigator_dijkstra.py
/home/user/ros2_ws/src/install/grid_planners_demo/lib/python3.10/site-packages/grid_planners_demo/navigator_dstar_lite.py
/home/user/ros2_ws/src/install/grid_planners_demo/lib/python3.10/site-packages/grid_planners_demo/__init__.py
/home/user/ros2_ws/src/install/grid_planners_demo/lib/python3.10/site-packages/grid_planners_demo/node.py
/home/user/ros2_ws/src/install/grid_planners_demo/lib/python3.10/site-packages/grid_planners_demo/navigator_astar.py
/home/user/ros2_ws/src/install/grid_planners_demo/lib/python3.10/site-packages/grid_planners_demo/collision_checker.py
/home/user/ros2_ws/src/install/grid_planners_demo/lib/python3.10/site-packages/grid_planners_demo/__pycache__/navigator_dijkstra.cpython-310.pyc
/home/user/ros2_ws/src/install/grid_planners_demo/lib/python3.10/site-packages/grid_planners_demo/__pycache__/navigator_dstar_lite.cpython-310.pyc
/home/user/ros2_ws/src/install/grid_planners_demo/lib/python3.10/site-packages/grid_planners_demo/__pycache__/__init__.cpython-310.pyc
/home/user/ros2_ws/src/install/grid_planners_demo/lib/python3.10/site-packages/grid_planners_demo/__pycache__/node.cpython-310.pyc
/home/user/ros2_ws/src/install/grid_planners_demo/lib/python3.10/site-packages/grid_planners_demo/__pycache__/navigator_astar.cpython-310.pyc
/home/user/ros2_ws/src/install/grid_planners_demo/lib/python3.10/site-packages/grid_planners_demo/__pycache__/collision_checker.cpython-310.pyc
/home/user/ros2_ws/src/install/grid_planners_demo/share/ament_index/resource_index/packages/grid_planners_demo
/home/user/ros2_ws/src/install/grid_planners_demo/share/grid_planners_demo/package.xml
/home/user/ros2_ws/src/install/grid_planners_demo/share/grid_planners_demo/launch/goto_dijkstra_demo.launch.py
/home/user/ros2_ws/src/install/grid_planners_demo/share/grid_planners_demo/launch/goto_dstar_lite_demo.launch.py
/home/user/ros2_ws/src/install/grid_planners_demo/share/grid_planners_demo/launch/goto_astar_demo.launch.py
/home/user/ros2_ws/src/install/grid_planners_demo/share/grid_planners_demo/config/dstar_lite_params.yaml
/home/user/ros2_ws/src/install/grid_planners_demo/share/grid_planners_demo/config/dijkstra_params.yaml
/home/user/ros2_ws/src/install/grid_planners_demo/share/grid_planners_demo/config/astar_params.yaml
/home/user/ros2_ws/src/install/grid_planners_demo/lib/python3.10/site-packages/grid_planners_demo-0.0.0-py3.10.egg-info/PKG-INFO
/home/user/ros2_ws/src/install/grid_planners_demo/lib/python3.10/site-packages/grid_planners_demo-0.0.0-py3.10.egg-info/zip-safe
/home/user/ros2_ws/src/install/grid_planners_demo/lib/python3.10/site-packages/grid_planners_demo-0.0.0-py3.10.egg-info/top_level.txt
/home/user/ros2_ws/src/install/grid_planners_demo/lib/python3.10/site-packages/grid_planners_demo-0.0.0-py3.10.egg-info/requires.txt
/home/user/ros2_ws/src/install/grid_planners_demo/lib/python3.10/site-packages/grid_planners_demo-0.0.0-py3.10.egg-info/entry_points.txt
/home/user/ros2_ws/src/install/grid_planners_demo/lib/python3.10/site-packages/grid_planners_demo-0.0.0-py3.10.egg-info/SOURCES.txt
/home/user/ros2_ws/src/install/grid_planners_demo/lib/python3.10/site-packages/grid_planners_demo-0.0.0-py3.10.egg-info/dependency_links.txt
/home/user/ros2_ws/src/install/grid_planners_demo/lib/grid_planners_demo/navigator_astar
/home/user/ros2_ws/src/install/grid_planners_demo/lib/grid_planners_demo/navigator_dijkstra
/home/user/ros2_ws/src/install/grid_planners_demo/lib/grid_planners_demo/navigator_dstar_lite
