/usr/local/lib/python3.10/dist-packages/setuptools/_distutils/dist.py:289: UserWarning: Unknown distribution option: 'tests_require'
  warnings.warn(msg)
running egg_info
creating ../build/path_follower/path_follower.egg-info
writing ../build/path_follower/path_follower.egg-info/PKG-INFO
writing dependency_links to ../build/path_follower/path_follower.egg-info/dependency_links.txt
writing entry points to ../build/path_follower/path_follower.egg-info/entry_points.txt
writing requirements to ../build/path_follower/path_follower.egg-info/requires.txt
writing top-level names to ../build/path_follower/path_follower.egg-info/top_level.txt
writing manifest file '../build/path_follower/path_follower.egg-info/SOURCES.txt'
reading manifest file '../build/path_follower/path_follower.egg-info/SOURCES.txt'
adding license file 'LICENSE'
writing manifest file '../build/path_follower/path_follower.egg-info/SOURCES.txt'
running build
running build_py
creating /home/user/ros2_ws/src/build/path_follower/build/lib/path_follower
copying path_follower/__init__.py -> /home/user/ros2_ws/src/build/path_follower/build/lib/path_follower
copying path_follower/node.py -> /home/user/ros2_ws/src/build/path_follower/build/lib/path_follower
copying path_follower/path_follower.py -> /home/user/ros2_ws/src/build/path_follower/build/lib/path_follower
running install
running install_lib
creating /home/user/ros2_ws/src/install/path_follower/lib/python3.10/site-packages/path_follower
copying /home/user/ros2_ws/src/build/path_follower/build/lib/path_follower/__init__.py -> /home/user/ros2_ws/src/install/path_follower/lib/python3.10/site-packages/path_follower
copying /home/user/ros2_ws/src/build/path_follower/build/lib/path_follower/node.py -> /home/user/ros2_ws/src/install/path_follower/lib/python3.10/site-packages/path_follower
copying /home/user/ros2_ws/src/build/path_follower/build/lib/path_follower/path_follower.py -> /home/user/ros2_ws/src/install/path_follower/lib/python3.10/site-packages/path_follower
byte-compiling /home/user/ros2_ws/src/install/path_follower/lib/python3.10/site-packages/path_follower/__init__.py to __init__.cpython-310.pyc
byte-compiling /home/user/ros2_ws/src/install/path_follower/lib/python3.10/site-packages/path_follower/node.py to node.cpython-310.pyc
byte-compiling /home/user/ros2_ws/src/install/path_follower/lib/python3.10/site-packages/path_follower/path_follower.py to path_follower.cpython-310.pyc
running install_data
creating /home/user/ros2_ws/src/install/path_follower/share/ament_index/resource_index/packages
copying resource/path_follower -> /home/user/ros2_ws/src/install/path_follower/share/ament_index/resource_index/packages
copying package.xml -> /home/user/ros2_ws/src/install/path_follower/share/path_follower
running install_egg_info
Copying ../build/path_follower/path_follower.egg-info to /home/user/ros2_ws/src/install/path_follower/lib/python3.10/site-packages/path_follower-0.0.0-py3.10.egg-info
running install_scripts
Installing path_follower script to /home/user/ros2_ws/src/install/path_follower/lib/path_follower
writing list of installed files to '/home/user/ros2_ws/src/build/path_follower/install.log'
